<?xml version="1.0" encoding="UTF-8"?>
<!-- Generated by org.testng.reporters.JUnitReportReporter -->
<testsuite hostname="Rinaldo" failures="0" tests="1" name="com.mystore.testcases.LoginTest" time="21.196" errors="0" timestamp="2023-12-16T18:48:07 IST" skipped="0">
  <testcase classname="com.mystore.testcases.LoginTest" name="loginTestWithValidCreds" time="21.196"/>
  <system-out/>
</testsuite> <!-- com.mystore.testcases.LoginTest -->
